<?xml version="1.0" encoding="UTF-8"?>
<!-- Generated by org.testng.reporters.JUnitReportReporter -->
<testsuite hostname="DESKTOP-3QGQ764" failures="0" tests="7" name="FitpeoRevenueCalculatorPageTest" time="104.407" errors="0" timestamp="2024-11-27T14:20:09 IST" skipped="0">
  <testcase classname="FitpeoRevenueCalculatorPageTest" name="scrollToSliderSection" time="4.962"/>
  <testcase classname="FitpeoRevenueCalculatorPageTest" name="adjustSliderAndValidateValue" time="18.972"/>
  <testcase classname="FitpeoRevenueCalculatorPageTest" name="testSliderValueChangeViaTextField" time="10.913"/>
  <testcase classname="FitpeoRevenueCalculatorPageTest" name="updateTextFieldAndValidateSlider" time="8.363"/>
  <testcase classname="FitpeoRevenueCalculatorPageTest" name="selectCPTCodes" time="6.439"/>
  <testcase classname="FitpeoRevenueCalculatorPageTest" name="validateTotalRecurringReimbursement" time="28.477"/>
  <testcase classname="FitpeoRevenueCalculatorPageTest" name="verifyTotalRecurringReimbursement" time="26.281"/>
</testsuite> <!-- FitpeoRevenueCalculatorPageTest -->
