<?xml version="1.0" encoding="UTF-8"?>
<!-- Generated by org.testng.reporters.JUnitReportReporter -->
<testsuite hostname="DESKTOP-3QGQ764" failures="0" tests="2" name="FitpeoHomePageTest" time="13.219" errors="0" timestamp="2024-11-27T14:20:10 IST" skipped="0">
  <testcase classname="FitpeoHomePageTest" name="HomePage" time="7.163"/>
  <testcase classname="FitpeoHomePageTest" name="NavigateToRevenueCalculatorPageTest" time="6.056"/>
</testsuite> <!-- FitpeoHomePageTest -->
